YupServe/platforms/android/app/build/outputs/logs/manifest-merger-free-release-report.txt
-- Merging decision tree log ---
manifest
ADDED from src\main\AndroidManifest.xml:2:1-36:12
INJECTED from src\main\AndroidManifest.xml:2:1-36:12
INJECTED from src\main\AndroidManifest.xml:2:1-36:12
INJECTED from src\main\AndroidManifest.xml:2:1-36:12
MERGED from [com.google.firebase:firebase-core:11.8.0] AndroidManifest.xml:2:1-6:12
MERGED from [:plug-n-play-cordova-release:] AndroidManifest.xml:2:1-31:12
MERGED from [:payumoney-sdk-cordova-release:] AndroidManifest.xml:2:1-40:12
MERGED from [com.payumoney.graphics:asset-download-sdk:0.3.2] AndroidManifest.xml:2:1-19:12
MERGED from [com.android.volley:volley:1.0.0] AndroidManifest.xml:2:1-11:12
MERGED from [com.payu.custombrowser:payu-custom-browser:7.2.1] AndroidManifest.xml:2:1-48:12
MERGED from [com.payu.magicretry:magicretry:1.0.6] AndroidManifest.xml:2:1-24:12
MERGED from [com.android.support:design:23.2.1] AndroidManifest.xml:17:1-24:12
MERGED from [com.android.support:appcompat-v7:23.2.1] AndroidManifest.xml:17:1-27:12
MERGED from [com.android.support:cardview-v7:23.2.1] AndroidManifest.xml:17:1-24:12
MERGED from [com.android.support:customtabs:23.2.1] AndroidManifest.xml:17:1-24:12
MERGED from [com.android.support:animated-vector-drawable:23.2.1] AndroidManifest.xml:2:1-9:12
MERGED from [com.android.support:support-vector-drawable:23.2.1] AndroidManifest.xml:2:1-9:12
MERGED from [com.android.support:recyclerview-v7:23.2.1] AndroidManifest.xml:17:1-22:12
MERGED from [com.google.firebase:firebase-messaging:11.8.0] AndroidManifest.xml:17:1-37:12
MERGED from [com.google.firebase:firebase-analytics:11.8.0] AndroidManifest.xml:17:1-54:12
MERGED from [com.google.firebase:firebase-analytics-impl:11.8.0] AndroidManifest.xml:17:1-40:12
MERGED from [com.google.firebase:firebase-iid:11.8.0] AndroidManifest.xml:17:1-59:12
MERGED from [com.google.firebase:firebase-common:11.8.0] AndroidManifest.xml:2:1-15:12
MERGED from [com.google.android.gms:play-services-tasks:11.8.0] AndroidManifest.xml:2:1-9:12
MERGED from [com.google.android.gms:play-services-basement:11.8.0] AndroidManifest.xml:17:1-28:12
MERGED from [com.android.support:support-v4:25.2.0] AndroidManifest.xml:17:1-27:12
MERGED from [com.github.aakira:expandable-layout:1.6.0] AndroidManifest.xml:2:1-14:12
MERGED from [:CordovaLib] AndroidManifest.xml:20:1-27:12
MERGED from [com.android.support:support-fragment:25.2.0] AndroidManifest.xml:17:1-27:12
MERGED from [com.android.support:support-media-compat:25.2.0] AndroidManifest.xml:17:1-27:12
MERGED from [com.android.support:support-core-utils:25.2.0] AndroidManifest.xml:17:1-27:12
MERGED from [com.android.support:support-core-ui:25.2.0] AndroidManifest.xml:17:1-27:12
MERGED from [com.android.support:support-compat:25.2.0] AndroidManifest.xml:17:1-27:12
MERGED from [com.google.firebase:firebase-messaging-license:11.8.0] AndroidManifest.xml:2:1-6:12
MERGED from [com.google.firebase:firebase-iid-license:11.8.0] AndroidManifest.xml:2:1-6:12
MERGED from [com.google.android.gms:play-services-basement-license:11.8.0] AndroidManifest.xml:2:1-6:12
MERGED from [com.google.firebase:firebase-common-license:11.8.0] AndroidManifest.xml:2:1-6:12
MERGED from [com.google.android.gms:play-services-tasks-license:11.8.0] AndroidManifest.xml:2:1-6:12
MERGED from [com.google.firebase:firebase-analytics-license:11.8.0] AndroidManifest.xml:2:1-6:12
MERGED from [com.google.firebase:firebase-analytics-impl-license:11.8.0] AndroidManifest.xml:2:1-6:12
INJECTED from src\main\AndroidManifest.xml:2:1-36:12
INJECTED from src\main\AndroidManifest.xml:2:1-36:12
INJECTED from src\main\AndroidManifest.xml:2:1-36:12
	package
		ADDED from src\main\AndroidManifest.xml:2:102-130
		INJECTED from src\main\AndroidManifest.xml
		INJECTED from src\main\AndroidManifest.xml
	android:versionName
		ADDED from src\main\AndroidManifest.xml:2:74-101
		INJECTED from src\main\AndroidManifest.xml
		INJECTED from src\main\AndroidManifest.xml
	xmlns:tools
		ADDED from src\main\AndroidManifest.xml:2:190-236
	android:hardwareAccelerated
		ADDED from src\main\AndroidManifest.xml:2:11-45
	xmlns:android
		ADDED from src\main\AndroidManifest.xml:2:131-189
	android:versionCode
		ADDED from src\main\AndroidManifest.xml:2:46-73
		INJECTED from src\main\AndroidManifest.xml
		INJECTED from src\main\AndroidManifest.xml
supports-screens
ADDED from src\main\AndroidManifest.xml:3:5-191
	android:largeScreens
		ADDED from src\main\AndroidManifest.xml:3:49-76
	android:smallScreens
		ADDED from src\main\AndroidManifest.xml:3:132-159
	android:normalScreens
		ADDED from src\main\AndroidManifest.xml:3:77-105
	android:xlargeScreens
		ADDED from src\main\AndroidManifest.xml:3:160-188
	android:resizeable
		ADDED from src\main\AndroidManifest.xml:3:106-131
	android:anyDensity
		ADDED from src\main\AndroidManifest.xml:3:23-48
uses-permission#android.permission.ACCESS_FINE_LOCATION
ADDED from src\main\AndroidManifest.xml:4:5-112
	android:protectionLevel
		ADDED from src\main\AndroidManifest.xml:4:77-109
	android:name
		ADDED from src\main\AndroidManifest.xml:4:22-76
uses-permission#android.permission.RECEIVE_SMS
ADDED from src\main\AndroidManifest.xml:5:5-90
REJECTED from [:plug-n-play-cordova-release:] AndroidManifest.xml:13:5-70
REJECTED from [:payumoney-sdk-cordova-release:] AndroidManifest.xml:14:5-70
REJECTED from [com.payu.custombrowser:payu-custom-browser:7.2.1] AndroidManifest.xml:12:5-14:47
	tools:node
		ADDED from src\main\AndroidManifest.xml:5:68-87
	android:name
		ADDED from src\main\AndroidManifest.xml:5:22-67
uses-permission#android.permission.SEND_SMS
ADDED from src\main\AndroidManifest.xml:6:5-87
	tools:node
		ADDED from src\main\AndroidManifest.xml:6:65-84
	android:name
		ADDED from src\main\AndroidManifest.xml:6:22-64
uses-permission#android.permission.WRITE_SMS
ADDED from src\main\AndroidManifest.xml:7:5-88
	tools:node
		ADDED from src\main\AndroidManifest.xml:7:66-85
	android:name
		ADDED from src\main\AndroidManifest.xml:7:22-65
uses-permission#android.permission.READ_SMS
ADDED from src\main\AndroidManifest.xml:8:5-87
REJECTED from [:payumoney-sdk-cordova-release:] AndroidManifest.xml:18:5-67
	tools:node
		ADDED from src\main\AndroidManifest.xml:8:65-84
	android:name
		ADDED from src\main\AndroidManifest.xml:8:22-64
application
ADDED from src\main\AndroidManifest.xml:9:5-32:19
MERGED from [com.google.firebase:firebase-core:11.8.0] AndroidManifest.xml:5:5-20
MERGED from [com.google.firebase:firebase-core:11.8.0] AndroidManifest.xml:5:5-20
MERGED from [:plug-n-play-cordova-release:] AndroidManifest.xml:16:5-29:19
MERGED from [:plug-n-play-cordova-release:] AndroidManifest.xml:16:5-29:19
MERGED from [:payumoney-sdk-cordova-release:] AndroidManifest.xml:25:5-38:19
MERGED from [:payumoney-sdk-cordova-release:] AndroidManifest.xml:25:5-38:19
MERGED from [com.payumoney.graphics:asset-download-sdk:0.3.2] AndroidManifest.xml:13:5-17:19
MERGED from [com.payumoney.graphics:asset-download-sdk:0.3.2] AndroidManifest.xml:13:5-17:19
MERGED from [com.android.volley:volley:1.0.0] AndroidManifest.xml:9:5-20
MERGED from [com.android.volley:volley:1.0.0] AndroidManifest.xml:9:5-20
MERGED from [com.payu.custombrowser:payu-custom-browser:7.2.1] AndroidManifest.xml:16:5-46:19
MERGED from [com.payu.custombrowser:payu-custom-browser:7.2.1] AndroidManifest.xml:16:5-46:19
MERGED from [com.payu.magicretry:magicretry:1.0.6] AndroidManifest.xml:11:5-22:19
MERGED from [com.payu.magicretry:magicretry:1.0.6] AndroidManifest.xml:11:5-22:19
MERGED from [com.android.support:design:23.2.1] AndroidManifest.xml:22:5-20
MERGED from [com.android.support:design:23.2.1] AndroidManifest.xml:22:5-20
MERGED from [com.android.support:appcompat-v7:23.2.1] AndroidManifest.xml:25:5-20
MERGED from [com.android.support:appcompat-v7:23.2.1] AndroidManifest.xml:25:5-20
MERGED from [com.android.support:cardview-v7:23.2.1] AndroidManifest.xml:22:5-20
MERGED from [com.android.support:cardview-v7:23.2.1] AndroidManifest.xml:22:5-20
MERGED from [com.android.support:customtabs:23.2.1] AndroidManifest.xml:22:5-20
MERGED from [com.android.support:customtabs:23.2.1] AndroidManifest.xml:22:5-20
MERGED from [com.android.support:animated-vector-drawable:23.2.1] AndroidManifest.xml:7:5-20
MERGED from [com.android.support:animated-vector-drawable:23.2.1] AndroidManifest.xml:7:5-20
MERGED from [com.android.support:support-vector-drawable:23.2.1] AndroidManifest.xml:7:5-20
MERGED from [com.android.support:support-vector-drawable:23.2.1] AndroidManifest.xml:7:5-20
MERGED from [com.google.firebase:firebase-messaging:11.8.0] AndroidManifest.xml:22:5-35:19
MERGED from [com.google.firebase:firebase-messaging:11.8.0] AndroidManifest.xml:22:5-35:19
MERGED from [com.google.firebase:firebase-analytics:11.8.0] AndroidManifest.xml:27:5-52:19
MERGED from [com.google.firebase:firebase-analytics:11.8.0] AndroidManifest.xml:27:5-52:19
MERGED from [com.google.firebase:firebase-analytics-impl:11.8.0] AndroidManifest.xml:27:5-38:19
MERGED from [com.google.firebase:firebase-analytics-impl:11.8.0] AndroidManifest.xml:27:5-38:19
MERGED from [com.google.firebase:firebase-iid:11.8.0] AndroidManifest.xml:34:5-57:19
MERGED from [com.google.firebase:firebase-iid:11.8.0] AndroidManifest.xml:34:5-57:19
MERGED from [com.google.firebase:firebase-common:11.8.0] AndroidManifest.xml:7:5-13:19
MERGED from [com.google.firebase:firebase-common:11.8.0] AndroidManifest.xml:7:5-13:19
MERGED from [com.google.android.gms:play-services-tasks:11.8.0] AndroidManifest.xml:7:5-20
MERGED from [com.google.android.gms:play-services-tasks:11.8.0] AndroidManifest.xml:7:5-20
MERGED from [com.google.android.gms:play-services-basement:11.8.0] AndroidManifest.xml:22:5-26:19
MERGED from [com.google.android.gms:play-services-basement:11.8.0] AndroidManifest.xml:22:5-26:19
MERGED from [com.android.support:support-v4:25.2.0] AndroidManifest.xml:25:5-20
MERGED from [com.android.support:support-v4:25.2.0] AndroidManifest.xml:25:5-20
MERGED from [com.github.aakira:expandable-layout:1.6.0] AndroidManifest.xml:12:5-20
MERGED from [com.github.aakira:expandable-layout:1.6.0] AndroidManifest.xml:12:5-20
MERGED from [com.android.support:support-fragment:25.2.0] AndroidManifest.xml:25:5-20
MERGED from [com.android.support:support-fragment:25.2.0] AndroidManifest.xml:25:5-20
MERGED from [com.android.support:support-media-compat:25.2.0] AndroidManifest.xml:25:5-20
MERGED from [com.android.support:support-media-compat:25.2.0] AndroidManifest.xml:25:5-20
MERGED from [com.android.support:support-core-utils:25.2.0] AndroidManifest.xml:25:5-20
MERGED from [com.android.support:support-core-utils:25.2.0] AndroidManifest.xml:25:5-20
MERGED from [com.android.support:support-core-ui:25.2.0] AndroidManifest.xml:25:5-20
MERGED from [com.android.support:support-core-ui:25.2.0] AndroidManifest.xml:25:5-20
MERGED from [com.android.support:support-compat:25.2.0] AndroidManifest.xml:25:5-20
MERGED from [com.android.support:support-compat:25.2.0] AndroidManifest.xml:25:5-20
MERGED from [com.google.firebase:firebase-messaging-license:11.8.0] AndroidManifest.xml:5:5-20
MERGED from [com.google.firebase:firebase-messaging-license:11.8.0] AndroidManifest.xml:5:5-20
MERGED from [com.google.firebase:firebase-iid-license:11.8.0] AndroidManifest.xml:5:5-20
MERGED from [com.google.firebase:firebase-iid-license:11.8.0] AndroidManifest.xml:5:5-20
MERGED from [com.google.android.gms:play-services-basement-license:11.8.0] AndroidManifest.xml:5:5-20
MERGED from [com.google.android.gms:play-services-basement-license:11.8.0] AndroidManifest.xml:5:5-20
MERGED from [com.google.firebase:firebase-common-license:11.8.0] AndroidManifest.xml:5:5-20
MERGED from [com.google.firebase:firebase-common-license:11.8.0] AndroidManifest.xml:5:5-20
MERGED from [com.google.android.gms:play-services-tasks-license:11.8.0] AndroidManifest.xml:5:5-20
MERGED from [com.google.android.gms:play-services-tasks-license:11.8.0] AndroidManifest.xml:5:5-20
MERGED from [com.google.firebase:firebase-analytics-license:11.8.0] AndroidManifest.xml:5:5-20
MERGED from [com.google.firebase:firebase-analytics-license:11.8.0] AndroidManifest.xml:5:5-20
MERGED from [com.google.firebase:firebase-analytics-impl-license:11.8.0] AndroidManifest.xml:5:5-20
MERGED from [com.google.firebase:firebase-analytics-impl-license:11.8.0] AndroidManifest.xml:5:5-20
	android:supportsRtl
		ADDED from src\main\AndroidManifest.xml:9:121-147
	android:label
		ADDED from src\main\AndroidManifest.xml:9:88-120
	android:hardwareAccelerated
		ADDED from src\main\AndroidManifest.xml:9:18-52
	android:windowSoftInputMode
		ADDED from [:payumoney-sdk-cordova-release:] AndroidManifest.xml:27:9-48
	android:allowBackup
		ADDED from [:plug-n-play-cordova-release:] AndroidManifest.xml:17:9-36
		REJECTED from [com.payumoney.graphics:asset-download-sdk:0.3.2] AndroidManifest.xml:14:9-36
	android:icon
		ADDED from src\main\AndroidManifest.xml:9:53-87
	tools:replace
		ADDED from [:plug-n-play-cordova-release:] AndroidManifest.xml:18:9-44
activity#com.ntspl.yupserve.MainActivity
ADDED from src\main\AndroidManifest.xml:10:9-15:20
	android:label
		ADDED from src\main\AndroidManifest.xml:10:97-134
	android:launchMode
		ADDED from src\main\AndroidManifest.xml:10:135-165
	android:windowSoftInputMode
		ADDED from src\main\AndroidManifest.xml:10:257-299
	android:configChanges
		ADDED from src\main\AndroidManifest.xml:10:19-96
	android:theme
		ADDED from src\main\AndroidManifest.xml:10:194-256
	android:name
		ADDED from src\main\AndroidManifest.xml:10:166-193
intent-filter#android.intent.action.MAIN+android.intent.category.LAUNCHER
ADDED from src\main\AndroidManifest.xml:11:13-14:29
	android:label
		ADDED from src\main\AndroidManifest.xml:11:28-65
action#android.intent.action.MAIN
ADDED from src\main\AndroidManifest.xml:12:17-69
	android:name
		ADDED from src\main\AndroidManifest.xml:12:25-66
category#android.intent.category.LAUNCHER
ADDED from src\main\AndroidManifest.xml:13:17-77
	android:name
		ADDED from src\main\AndroidManifest.xml:13:27-74
activity#com.gae.scaffolder.plugin.FCMPluginActivity
ADDED from src\main\AndroidManifest.xml:16:9-21:20
	android:launchMode
		ADDED from src\main\AndroidManifest.xml:16:43-73
	android:exported
		ADDED from src\main\AndroidManifest.xml:16:19-42
	android:name
		ADDED from src\main\AndroidManifest.xml:16:74-132
intent-filter#FCM_PLUGIN_ACTIVITY+android.intent.category.DEFAULT
ADDED from src\main\AndroidManifest.xml:17:13-20:29
action#FCM_PLUGIN_ACTIVITY
ADDED from src\main\AndroidManifest.xml:18:17-62
	android:name
		ADDED from src\main\AndroidManifest.xml:18:25-59
category#android.intent.category.DEFAULT
ADDED from src\main\AndroidManifest.xml:19:17-76
	android:name
		ADDED from src\main\AndroidManifest.xml:19:27-73
service#com.gae.scaffolder.plugin.MyFirebaseMessagingService
ADDED from src\main\AndroidManifest.xml:22:9-26:19
	android:name
		ADDED from src\main\AndroidManifest.xml:22:18-85
intent-filter#com.google.firebase.MESSAGING_EVENT
ADDED from src\main\AndroidManifest.xml:23:13-25:29
action#com.google.firebase.MESSAGING_EVENT
ADDED from src\main\AndroidManifest.xml:24:17-78
	android:name
		ADDED from src\main\AndroidManifest.xml:24:25-75
service#com.gae.scaffolder.plugin.MyFirebaseInstanceIDService
ADDED from src\main\AndroidManifest.xml:27:9-31:19
	android:name
		ADDED from src\main\AndroidManifest.xml:27:18-86
intent-filter#com.google.firebase.INSTANCE_ID_EVENT
ADDED from src\main\AndroidManifest.xml:28:13-30:29
action#com.google.firebase.INSTANCE_ID_EVENT
ADDED from src\main\AndroidManifest.xml:29:17-80
	android:name
		ADDED from src\main\AndroidManifest.xml:29:25-77
uses-sdk
ADDED from src\main\AndroidManifest.xml:33:5-74
INJECTED from src\main\AndroidManifest.xml:33:5-74
INJECTED from src\main\AndroidManifest.xml:33:5-74
MERGED from [com.google.firebase:firebase-core:11.8.0] AndroidManifest.xml:4:5-43
MERGED from [com.google.firebase:firebase-core:11.8.0] AndroidManifest.xml:4:5-43
MERGED from [:plug-n-play-cordova-release:] AndroidManifest.xml:8:5-10:41
MERGED from [:plug-n-play-cordova-release:] AndroidManifest.xml:8:5-10:41
MERGED from [:payumoney-sdk-cordova-release:] AndroidManifest.xml:8:5-10:41
MERGED from [:payumoney-sdk-cordova-release:] AndroidManifest.xml:8:5-10:41
MERGED from [com.payumoney.graphics:asset-download-sdk:0.3.2] AndroidManifest.xml:7:5-9:41
MERGED from [com.payumoney.graphics:asset-download-sdk:0.3.2] AndroidManifest.xml:7:5-9:41
MERGED from [com.android.volley:volley:1.0.0] AndroidManifest.xml:7:5-43
MERGED from [com.android.volley:volley:1.0.0] AndroidManifest.xml:7:5-43
MERGED from [com.payu.custombrowser:payu-custom-browser:7.2.1] AndroidManifest.xml:7:5-9:41
MERGED from [com.payu.custombrowser:payu-custom-browser:7.2.1] AndroidManifest.xml:7:5-9:41
MERGED from [com.payu.magicretry:magicretry:1.0.6] AndroidManifest.xml:7:5-9:41
MERGED from [com.payu.magicretry:magicretry:1.0.6] AndroidManifest.xml:7:5-9:41
MERGED from [com.android.support:design:23.2.1] AndroidManifest.xml:20:5-43
MERGED from [com.android.support:design:23.2.1] AndroidManifest.xml:20:5-43
MERGED from [com.android.support:appcompat-v7:23.2.1] AndroidManifest.xml:21:5-23:78
MERGED from [com.android.support:appcompat-v7:23.2.1] AndroidManifest.xml:21:5-23:78
MERGED from [com.android.support:cardview-v7:23.2.1] AndroidManifest.xml:20:5-43
MERGED from [com.android.support:cardview-v7:23.2.1] AndroidManifest.xml:20:5-43
MERGED from [com.android.support:customtabs:23.2.1] AndroidManifest.xml:20:5-44
MERGED from [com.android.support:customtabs:23.2.1] AndroidManifest.xml:20:5-44
MERGED from [com.android.support:animated-vector-drawable:23.2.1] AndroidManifest.xml:5:5-44
MERGED from [com.android.support:animated-vector-drawable:23.2.1] AndroidManifest.xml:5:5-44
MERGED from [com.android.support:support-vector-drawable:23.2.1] AndroidManifest.xml:5:5-43
MERGED from [com.android.support:support-vector-drawable:23.2.1] AndroidManifest.xml:5:5-43
MERGED from [com.android.support:recyclerview-v7:23.2.1] AndroidManifest.xml:20:5-43
MERGED from [com.android.support:recyclerview-v7:23.2.1] AndroidManifest.xml:20:5-43
MERGED from [com.google.firebase:firebase-messaging:11.8.0] AndroidManifest.xml:20:5-44
MERGED from [com.google.firebase:firebase-messaging:11.8.0] AndroidManifest.xml:20:5-44
MERGED from [com.google.firebase:firebase-analytics:11.8.0] AndroidManifest.xml:20:5-44
MERGED from [com.google.firebase:firebase-analytics:11.8.0] AndroidManifest.xml:20:5-44
MERGED from [com.google.firebase:firebase-analytics-impl:11.8.0] AndroidManifest.xml:20:5-44
MERGED from [com.google.firebase:firebase-analytics-impl:11.8.0] AndroidManifest.xml:20:5-44
MERGED from [com.google.firebase:firebase-iid:11.8.0] AndroidManifest.xml:20:5-44
MERGED from [com.google.firebase:firebase-iid:11.8.0] AndroidManifest.xml:20:5-44
MERGED from [com.google.firebase:firebase-common:11.8.0] AndroidManifest.xml:5:5-44
MERGED from [com.google.firebase:firebase-common:11.8.0] AndroidManifest.xml:5:5-44
MERGED from [com.google.android.gms:play-services-tasks:11.8.0] AndroidManifest.xml:5:5-44
MERGED from [com.google.android.gms:play-services-tasks:11.8.0] AndroidManifest.xml:5:5-44
MERGED from [com.google.android.gms:play-services-basement:11.8.0] AndroidManifest.xml:20:5-44
MERGED from [com.google.android.gms:play-services-basement:11.8.0] AndroidManifest.xml:20:5-44
MERGED from [com.android.support:support-v4:25.2.0] AndroidManifest.xml:21:5-23:54
MERGED from [com.android.support:support-v4:25.2.0] AndroidManifest.xml:21:5-23:54
MERGED from [com.github.aakira:expandable-layout:1.6.0] AndroidManifest.xml:8:5-10:41
MERGED from [com.github.aakira:expandable-layout:1.6.0] AndroidManifest.xml:8:5-10:41
MERGED from [:CordovaLib] AndroidManifest.xml:25:5-44
MERGED from [:CordovaLib] AndroidManifest.xml:25:5-44
MERGED from [com.android.support:support-fragment:25.2.0] AndroidManifest.xml:21:5-23:60
MERGED from [com.android.support:support-fragment:25.2.0] AndroidManifest.xml:21:5-23:60
MERGED from [com.android.support:support-media-compat:25.2.0] AndroidManifest.xml:21:5-23:63
MERGED from [com.android.support:support-media-compat:25.2.0] AndroidManifest.xml:21:5-23:63
MERGED from [com.android.support:support-core-utils:25.2.0] AndroidManifest.xml:21:5-23:61
MERGED from [com.android.support:support-core-utils:25.2.0] AndroidManifest.xml:21:5-23:61
MERGED from [com.android.support:support-core-ui:25.2.0] AndroidManifest.xml:21:5-23:58
MERGED from [com.android.support:support-core-ui:25.2.0] AndroidManifest.xml:21:5-23:58
MERGED from [com.android.support:support-compat:25.2.0] AndroidManifest.xml:21:5-23:58
MERGED from [com.android.support:support-compat:25.2.0] AndroidManifest.xml:21:5-23:58
MERGED from [com.google.firebase:firebase-messaging-license:11.8.0] AndroidManifest.xml:4:5-43
MERGED from [com.google.firebase:firebase-messaging-license:11.8.0] AndroidManifest.xml:4:5-43
MERGED from [com.google.firebase:firebase-iid-license:11.8.0] AndroidManifest.xml:4:5-43
MERGED from [com.google.firebase:firebase-iid-license:11.8.0] AndroidManifest.xml:4:5-43
MERGED from [com.google.android.gms:play-services-basement-license:11.8.0] AndroidManifest.xml:4:5-43
MERGED from [com.google.android.gms:play-services-basement-license:11.8.0] AndroidManifest.xml:4:5-43
MERGED from [com.google.firebase:firebase-common-license:11.8.0] AndroidManifest.xml:4:5-43
MERGED from [com.google.firebase:firebase-common-license:11.8.0] AndroidManifest.xml:4:5-43
MERGED from [com.google.android.gms:play-services-tasks-license:11.8.0] AndroidManifest.xml:4:5-43
MERGED from [com.google.android.gms:play-services-tasks-license:11.8.0] AndroidManifest.xml:4:5-43
MERGED from [com.google.firebase:firebase-analytics-license:11.8.0] AndroidManifest.xml:4:5-43
MERGED from [com.google.firebase:firebase-analytics-license:11.8.0] AndroidManifest.xml:4:5-43
MERGED from [com.google.firebase:firebase-analytics-impl-license:11.8.0] AndroidManifest.xml:4:5-43
MERGED from [com.google.firebase:firebase-analytics-impl-license:11.8.0] AndroidManifest.xml:4:5-43
INJECTED from src\main\AndroidManifest.xml:33:5-74
INJECTED from src\main\AndroidManifest.xml:33:5-74
	tools:overrideLibrary
		ADDED from [com.android.support:appcompat-v7:23.2.1] AndroidManifest.xml:23:9-75
	android:targetSdkVersion
		ADDED from src\main\AndroidManifest.xml:33:42-71
		INJECTED from src\main\AndroidManifest.xml
		INJECTED from src\main\AndroidManifest.xml
	android:minSdkVersion
		ADDED from src\main\AndroidManifest.xml:33:15-41
		INJECTED from src\main\AndroidManifest.xml
		INJECTED from src\main\AndroidManifest.xml
uses-permission#android.permission.ACCESS_NETWORK_STATE
ADDED from src\main\AndroidManifest.xml:34:5-79
MERGED from [:plug-n-play-cordova-release:] AndroidManifest.xml:14:5-79
MERGED from [:plug-n-play-cordova-release:] AndroidManifest.xml:14:5-79
MERGED from [:payumoney-sdk-cordova-release:] AndroidManifest.xml:12:5-79
MERGED from [:payumoney-sdk-cordova-release:] AndroidManifest.xml:12:5-79
MERGED from [com.payu.custombrowser:payu-custom-browser:7.2.1] AndroidManifest.xml:11:5-79
MERGED from [com.payu.custombrowser:payu-custom-browser:7.2.1] AndroidManifest.xml:11:5-79
MERGED from [com.google.firebase:firebase-analytics:11.8.0] AndroidManifest.xml:24:5-79
MERGED from [com.google.firebase:firebase-analytics:11.8.0] AndroidManifest.xml:24:5-79
MERGED from [com.google.firebase:firebase-analytics-impl:11.8.0] AndroidManifest.xml:24:5-79
MERGED from [com.google.firebase:firebase-analytics-impl:11.8.0] AndroidManifest.xml:24:5-79
MERGED from [com.google.firebase:firebase-iid:11.8.0] AndroidManifest.xml:22:5-79
MERGED from [com.google.firebase:firebase-iid:11.8.0] AndroidManifest.xml:22:5-79
	android:name
		ADDED from src\main\AndroidManifest.xml:34:22-76
uses-permission#android.permission.WRITE_EXTERNAL_STORAGE
ADDED from src\main\AndroidManifest.xml:35:5-81
	android:name
		ADDED from src\main\AndroidManifest.xml:35:22-78
uses-permission#android.permission.INTERNET
ADDED from [:plug-n-play-cordova-release:] AndroidManifest.xml:12:5-67
MERGED from [:payumoney-sdk-cordova-release:] AndroidManifest.xml:15:5-67
MERGED from [:payumoney-sdk-cordova-release:] AndroidManifest.xml:15:5-67
MERGED from [com.payumoney.graphics:asset-download-sdk:0.3.2] AndroidManifest.xml:11:5-67
MERGED from [com.payumoney.graphics:asset-download-sdk:0.3.2] AndroidManifest.xml:11:5-67
MERGED from [com.google.firebase:firebase-analytics:11.8.0] AndroidManifest.xml:23:5-67
MERGED from [com.google.firebase:firebase-analytics:11.8.0] AndroidManifest.xml:23:5-67
MERGED from [com.google.firebase:firebase-analytics-impl:11.8.0] AndroidManifest.xml:23:5-67
MERGED from [com.google.firebase:firebase-analytics-impl:11.8.0] AndroidManifest.xml:23:5-67
MERGED from [com.google.firebase:firebase-iid:11.8.0] AndroidManifest.xml:23:5-67
MERGED from [com.google.firebase:firebase-iid:11.8.0] AndroidManifest.xml:23:5-67
	android:name
		ADDED from [:plug-n-play-cordova-release:] AndroidManifest.xml:12:22-64
activity#com.payumoney.sdkui.ui.activities.PayUmoneyActivity
ADDED from [:plug-n-play-cordova-release:] AndroidManifest.xml:19:9-24:55
	android:screenOrientation
		ADDED from [:plug-n-play-cordova-release:] AndroidManifest.xml:22:13-49
	android:label
		ADDED from [:plug-n-play-cordova-release:] AndroidManifest.xml:21:13-58
	android:windowSoftInputMode
		ADDED from [:plug-n-play-cordova-release:] AndroidManifest.xml:24:13-52
	android:theme
		ADDED from [:plug-n-play-cordova-release:] AndroidManifest.xml:23:13-53
	android:name
		ADDED from [:plug-n-play-cordova-release:] AndroidManifest.xml:20:13-79
activity#com.payumoney.sdkui.ui.activities.ReviewOrderActivity
ADDED from [:plug-n-play-cordova-release:] AndroidManifest.xml:25:9-28:56
	android:screenOrientation
		ADDED from [:plug-n-play-cordova-release:] AndroidManifest.xml:27:13-49
	android:theme
		ADDED from [:plug-n-play-cordova-release:] AndroidManifest.xml:28:13-53
	android:name
		ADDED from [:plug-n-play-cordova-release:] AndroidManifest.xml:26:13-81
uses-permission#android.permission.ACCESS_WIFI_STATE
ADDED from [:payumoney-sdk-cordova-release:] AndroidManifest.xml:13:5-76
	android:name
		ADDED from [:payumoney-sdk-cordova-release:] AndroidManifest.xml:13:22-73
uses-permission#android.permission.READ_PHONE_STATE
ADDED from [:payumoney-sdk-cordova-release:] AndroidManifest.xml:19:5-75
	android:name
		ADDED from [:payumoney-sdk-cordova-release:] AndroidManifest.xml:19:22-72
uses-feature#android.hardware.telephony
ADDED from [:payumoney-sdk-cordova-release:] AndroidManifest.xml:21:5-23:36
	android:required
		ADDED from [:payumoney-sdk-cordova-release:] AndroidManifest.xml:23:9-33
	android:name
		ADDED from [:payumoney-sdk-cordova-release:] AndroidManifest.xml:22:9-50
activity#com.payumoney.core.SdkWebViewActivityNew
ADDED from [:payumoney-sdk-cordova-release:] AndroidManifest.xml:28:9-31:72
	android:screenOrientation
		ADDED from [:payumoney-sdk-cordova-release:] AndroidManifest.xml:30:13-49
	android:theme
		ADDED from [:payumoney-sdk-cordova-release:] AndroidManifest.xml:31:13-69
	android:name
		ADDED from [:payumoney-sdk-cordova-release:] AndroidManifest.xml:29:13-68
activity#com.payu.custombrowser.CBActivity
ADDED from [:payumoney-sdk-cordova-release:] AndroidManifest.xml:32:9-37:59
MERGED from [com.payu.custombrowser:payu-custom-browser:7.2.1] AndroidManifest.xml:17:9-20:63
MERGED from [com.payu.custombrowser:payu-custom-browser:7.2.1] AndroidManifest.xml:17:9-20:63
	android:screenOrientation
		ADDED from [:payumoney-sdk-cordova-release:] AndroidManifest.xml:34:13-49
	android:windowSoftInputMode
		ADDED from [:payumoney-sdk-cordova-release:] AndroidManifest.xml:36:13-60
		REJECTED from [com.payu.custombrowser:payu-custom-browser:7.2.1] AndroidManifest.xml:20:13-60
	android:theme
		ADDED from [:payumoney-sdk-cordova-release:] AndroidManifest.xml:35:13-51
	tools:replace
		ADDED from [:payumoney-sdk-cordova-release:] AndroidManifest.xml:37:13-56
	android:name
		ADDED from [:payumoney-sdk-cordova-release:] AndroidManifest.xml:33:13-61
service#com.payu.custombrowser.services.SnoozeService
ADDED from [com.payu.custombrowser:payu-custom-browser:7.2.1] AndroidManifest.xml:22:9-81
	android:name
		ADDED from [com.payu.custombrowser:payu-custom-browser:7.2.1] AndroidManifest.xml:22:18-78
activity#com.payu.custombrowser.upiintent.PaymentResponseActivity
ADDED from [com.payu.custombrowser:payu-custom-browser:7.2.1] AndroidManifest.xml:24:9-26:56
	android:theme
		ADDED from [com.payu.custombrowser:payu-custom-browser:7.2.1] AndroidManifest.xml:26:13-53
	android:name
		ADDED from [com.payu.custombrowser:payu-custom-browser:7.2.1] AndroidManifest.xml:25:13-84
activity#com.payu.custombrowser.PreLollipopPaymentsActivity
ADDED from [com.payu.custombrowser:payu-custom-browser:7.2.1] AndroidManifest.xml:27:9-44:20
	android:name
		ADDED from [com.payu.custombrowser:payu-custom-browser:7.2.1] AndroidManifest.xml:27:19-84
intent-filter#android.intent.action.VIEW+android.intent.category.BROWSABLE+android.intent.category.DEFAULT
ADDED from [com.payu.custombrowser:payu-custom-browser:7.2.1] AndroidManifest.xml:28:13-35:29
data
ADDED from [com.payu.custombrowser:payu-custom-browser:7.2.1] AndroidManifest.xml:29:17-67
	android:scheme
		ADDED from [com.payu.custombrowser:payu-custom-browser:7.2.1] AndroidManifest.xml:29:23-64
action#android.intent.action.VIEW
ADDED from [com.payu.custombrowser:payu-custom-browser:7.2.1] AndroidManifest.xml:31:17-69
	android:name
		ADDED from [com.payu.custombrowser:payu-custom-browser:7.2.1] AndroidManifest.xml:31:25-66
category#android.intent.category.BROWSABLE
ADDED from [com.payu.custombrowser:payu-custom-browser:7.2.1] AndroidManifest.xml:34:17-78
	android:name
		ADDED from [com.payu.custombrowser:payu-custom-browser:7.2.1] AndroidManifest.xml:34:27-75
activity#com.payu.custombrowser.PrePaymentsActivity
ADDED from [com.payu.custombrowser:payu-custom-browser:7.2.1] AndroidManifest.xml:45:9-79
	android:name
		ADDED from [com.payu.custombrowser:payu-custom-browser:7.2.1] AndroidManifest.xml:45:19-76
activity#com.payu.magicretry.MainActivity